[] 08:50:06.595 [main] INFO  com.sf.App - [logStarting,55] - Starting App on DESKTOP-8DJKDML with PID 6784 (D:\git\zero_test\target\classes started by FORMSSI in D:\git\zero_test)
[] 08:50:06.611 [main] INFO  com.sf.App - [logStartupProfileInfo,651] - No active profile set, falling back to default profiles: default
[] 08:50:14.845 [main] INFO  o.a.c.h.Http11NioProtocol - [log,173] - Initializing ProtocolHandler ["http-nio-8088"]
[] 08:50:14.846 [main] INFO  o.a.c.c.StandardService - [log,173] - Starting service [Tomcat]
[] 08:50:14.846 [main] INFO  o.a.c.c.StandardEngine - [log,173] - Starting Servlet engine: [Apache Tomcat/9.0.35]
[] 08:50:15.616 [main] INFO  o.a.c.c.C.[.[.[/] - [log,173] - Initializing Spring embedded WebApplicationContext
[] 08:50:24.286 [main] INFO  o.a.c.h.Http11NioProtocol - [log,173] - Starting ProtocolHandler ["http-nio-8088"]
[] 08:50:24.336 [main] INFO  com.sf.App - [onApplicationEvent,21] - App is started ok.
[] 08:50:24.341 [main] INFO  com.sf.App - [logStarted,61] - Started App in 19.198 seconds (JVM running for 23.808)
[] 08:50:52.620 [http-nio-8088-exec-1] INFO  o.a.c.c.C.[.[.[/] - [log,173] - Initializing Spring DispatcherServlet 'dispatcherServlet'
[] 08:50:53.242 [http-nio-8088-exec-1] INFO  c.a.d.p.DruidDataSource - [init,998] - {dataSource-1} inited
[] 08:50:53.729 [http-nio-8088-exec-1] INFO  c.s.c.UserController - [getUsers,38] - userList -> [{"createDate":1653529172000,"id":1,"name":"李宁","sex":"男"},{"createDate":1653529217000,"id":2,"name":"张三","sex":"男"},{"createDate":1653529224000,"id":3,"name":"李四","sex":"男"},{"createDate":1653529229000,"id":4,"name":"王五","sex":"男"}]
[] 08:55:07.753 [SpringContextShutdownHook] INFO  c.a.d.p.DruidDataSource - [close,2071] - {dataSource-1} closing ...
[] 08:55:07.831 [SpringContextShutdownHook] INFO  c.a.d.p.DruidDataSource - [close,2144] - {dataSource-1} closed
[] 08:55:16.225 [main] INFO  com.sf.App - [logStarting,55] - Starting App on DESKTOP-8DJKDML with PID 6180 (D:\git\zero_test\target\classes started by FORMSSI in D:\git\zero_test)
[] 08:55:16.225 [main] INFO  com.sf.App - [logStartupProfileInfo,651] - No active profile set, falling back to default profiles: default
[] 08:55:17.638 [main] INFO  o.a.c.h.Http11NioProtocol - [log,173] - Initializing ProtocolHandler ["http-nio-8088"]
[] 08:55:17.638 [main] INFO  o.a.c.c.StandardService - [log,173] - Starting service [Tomcat]
[] 08:55:17.653 [main] INFO  o.a.c.c.StandardEngine - [log,173] - Starting Servlet engine: [Apache Tomcat/9.0.35]
[] 08:55:17.825 [main] INFO  o.a.c.c.C.[.[.[/] - [log,173] - Initializing Spring embedded WebApplicationContext
[] 08:55:18.812 [main] INFO  o.a.c.h.Http11NioProtocol - [log,173] - Starting ProtocolHandler ["http-nio-8088"]
[] 08:55:18.843 [main] INFO  com.sf.App - [onApplicationEvent,21] - App is started ok.
[] 08:55:18.843 [main] INFO  com.sf.App - [logStarted,61] - Started App in 3.107 seconds (JVM running for 4.058)
[] 08:55:53.450 [http-nio-8088-exec-1] INFO  o.a.c.c.C.[.[.[/] - [log,173] - Initializing Spring DispatcherServlet 'dispatcherServlet'
[] 08:55:53.685 [http-nio-8088-exec-1] INFO  c.a.d.p.DruidDataSource - [init,998] - {dataSource-1} inited
[] 08:55:53.967 [http-nio-8088-exec-1] INFO  c.s.c.UserController - [getUsers,38] - userList -> [{"createDate":1653529172000,"id":1,"name":"李宁","sex":"男"},{"createDate":1653529217000,"id":2,"name":"张三","sex":"男"},{"createDate":1653529224000,"id":3,"name":"李四","sex":"男"},{"createDate":1653529229000,"id":4,"name":"王五","sex":"男"}]
[] 08:56:29.490 [SpringContextShutdownHook] INFO  c.a.d.p.DruidDataSource - [close,2071] - {dataSource-1} closing ...
[] 08:56:29.506 [SpringContextShutdownHook] INFO  c.a.d.p.DruidDataSource - [close,2144] - {dataSource-1} closed
[] 08:56:34.482 [main] INFO  com.sf.App - [logStarting,55] - Starting App on DESKTOP-8DJKDML with PID 12488 (D:\git\zero_test\target\classes started by FORMSSI in D:\git\zero_test)
[] 08:56:34.485 [main] INFO  com.sf.App - [logStartupProfileInfo,651] - No active profile set, falling back to default profiles: default
[] 08:56:35.848 [main] INFO  o.a.c.h.Http11NioProtocol - [log,173] - Initializing ProtocolHandler ["http-nio-8088"]
[] 08:56:35.848 [main] INFO  o.a.c.c.StandardService - [log,173] - Starting service [Tomcat]
[] 08:56:35.848 [main] INFO  o.a.c.c.StandardEngine - [log,173] - Starting Servlet engine: [Apache Tomcat/9.0.35]
[] 08:56:36.036 [main] INFO  o.a.c.c.C.[.[.[/] - [log,173] - Initializing Spring embedded WebApplicationContext
[] 08:56:37.007 [main] INFO  o.a.c.h.Http11NioProtocol - [log,173] - Starting ProtocolHandler ["http-nio-8088"]
[] 08:56:37.038 [main] INFO  com.sf.App - [onApplicationEvent,21] - App is started ok.
[] 08:56:37.054 [main] INFO  com.sf.App - [logStarted,61] - Started App in 3.058 seconds (JVM running for 3.979)
[] 08:56:50.728 [http-nio-8088-exec-2] INFO  o.a.c.c.C.[.[.[/] - [log,173] - Initializing Spring DispatcherServlet 'dispatcherServlet'
[] 08:56:50.979 [http-nio-8088-exec-2] INFO  c.a.d.p.DruidDataSource - [init,998] - {dataSource-1} inited
[] 08:56:51.276 [http-nio-8088-exec-2] INFO  c.s.c.UserController - [getUsers,38] - userList -> [{"createDate":1653529172000,"id":1,"name":"李宁","sex":"男"},{"createDate":1653529217000,"id":2,"name":"张三","sex":"男"},{"createDate":1653529224000,"id":3,"name":"李四","sex":"男"},{"createDate":1653529229000,"id":4,"name":"王五","sex":"男"}]
[] 08:57:20.189 [SpringContextShutdownHook] INFO  c.a.d.p.DruidDataSource - [close,2071] - {dataSource-1} closing ...
[] 08:57:20.205 [SpringContextShutdownHook] INFO  c.a.d.p.DruidDataSource - [close,2144] - {dataSource-1} closed
[] 08:57:26.272 [main] INFO  com.sf.App - [logStarting,55] - Starting App on DESKTOP-8DJKDML with PID 18012 (D:\git\zero_test\target\classes started by FORMSSI in D:\git\zero_test)
[] 08:57:26.277 [main] INFO  com.sf.App - [logStartupProfileInfo,651] - No active profile set, falling back to default profiles: default
[] 08:57:27.716 [main] INFO  o.a.c.h.Http11NioProtocol - [log,173] - Initializing ProtocolHandler ["http-nio-8088"]
[] 08:57:27.716 [main] INFO  o.a.c.c.StandardService - [log,173] - Starting service [Tomcat]
[] 08:57:27.716 [main] INFO  o.a.c.c.StandardEngine - [log,173] - Starting Servlet engine: [Apache Tomcat/9.0.35]
[] 08:57:27.935 [main] INFO  o.a.c.c.C.[.[.[/] - [log,173] - Initializing Spring embedded WebApplicationContext
[] 08:57:29.003 [main] INFO  o.a.c.h.Http11NioProtocol - [log,173] - Starting ProtocolHandler ["http-nio-8088"]
[] 08:57:29.078 [main] INFO  com.sf.App - [onApplicationEvent,21] - App is started ok.
[] 08:57:29.084 [main] INFO  com.sf.App - [logStarted,61] - Started App in 3.326 seconds (JVM running for 4.31)
[] 08:57:49.795 [http-nio-8088-exec-1] INFO  o.a.c.c.C.[.[.[/] - [log,173] - Initializing Spring DispatcherServlet 'dispatcherServlet'
[] 08:57:50.052 [http-nio-8088-exec-1] INFO  c.a.d.p.DruidDataSource - [init,998] - {dataSource-1} inited
[] 08:57:50.546 [http-nio-8088-exec-1] INFO  c.s.c.UserController - [getUsers,38] - userList -> [{"createDate":1653529172000,"id":1,"name":"李宁","sex":"男"},{"createDate":1653529217000,"id":2,"name":"张三","sex":"男"},{"createDate":1653529224000,"id":3,"name":"李四","sex":"男"},{"createDate":1653529229000,"id":4,"name":"王五","sex":"男"}]
[] 08:58:18.232 [SpringContextShutdownHook] INFO  c.a.d.p.DruidDataSource - [close,2071] - {dataSource-1} closing ...
[] 08:58:18.247 [SpringContextShutdownHook] INFO  c.a.d.p.DruidDataSource - [close,2144] - {dataSource-1} closed
[] 08:58:24.306 [main] INFO  com.sf.App - [logStarting,55] - Starting App on DESKTOP-8DJKDML with PID 6860 (D:\git\zero_test\target\classes started by FORMSSI in D:\git\zero_test)
[] 08:58:24.306 [main] INFO  com.sf.App - [logStartupProfileInfo,651] - No active profile set, falling back to default profiles: default
[] 08:58:25.879 [main] INFO  o.a.c.h.Http11NioProtocol - [log,173] - Initializing ProtocolHandler ["http-nio-8088"]
[] 08:58:25.879 [main] INFO  o.a.c.c.StandardService - [log,173] - Starting service [Tomcat]
[] 08:58:25.879 [main] INFO  o.a.c.c.StandardEngine - [log,173] - Starting Servlet engine: [Apache Tomcat/9.0.35]
[] 08:58:26.067 [main] INFO  o.a.c.c.C.[.[.[/] - [log,173] - Initializing Spring embedded WebApplicationContext
[] 08:58:27.150 [main] INFO  o.a.c.h.Http11NioProtocol - [log,173] - Starting ProtocolHandler ["http-nio-8088"]
[] 08:58:27.181 [main] INFO  com.sf.App - [onApplicationEvent,21] - App is started ok.
[] 08:58:27.197 [main] INFO  com.sf.App - [logStarted,61] - Started App in 3.402 seconds (JVM running for 4.345)
[] 08:59:11.690 [http-nio-8088-exec-1] INFO  o.a.c.c.C.[.[.[/] - [log,173] - Initializing Spring DispatcherServlet 'dispatcherServlet'
[] 08:59:12.020 [http-nio-8088-exec-1] INFO  c.a.d.p.DruidDataSource - [init,998] - {dataSource-1} inited
[] 09:00:47.270 [SpringContextShutdownHook] INFO  c.a.d.p.DruidDataSource - [close,2071] - {dataSource-1} closing ...
[] 09:00:47.279 [SpringContextShutdownHook] INFO  c.a.d.p.DruidDataSource - [close,2144] - {dataSource-1} closed
[] 09:00:53.100 [main] INFO  com.sf.App - [logStarting,55] - Starting App on DESKTOP-8DJKDML with PID 9624 (D:\git\zero_test\target\classes started by FORMSSI in D:\git\zero_test)
[] 09:00:53.105 [main] INFO  com.sf.App - [logStartupProfileInfo,651] - No active profile set, falling back to default profiles: default
[] 09:00:54.518 [main] INFO  o.a.c.h.Http11NioProtocol - [log,173] - Initializing ProtocolHandler ["http-nio-8088"]
[] 09:00:54.518 [main] INFO  o.a.c.c.StandardService - [log,173] - Starting service [Tomcat]
[] 09:00:54.518 [main] INFO  o.a.c.c.StandardEngine - [log,173] - Starting Servlet engine: [Apache Tomcat/9.0.35]
[] 09:00:54.723 [main] INFO  o.a.c.c.C.[.[.[/] - [log,173] - Initializing Spring embedded WebApplicationContext
[] 09:00:55.748 [main] INFO  o.a.c.h.Http11NioProtocol - [log,173] - Starting ProtocolHandler ["http-nio-8088"]
[] 09:00:55.774 [main] INFO  com.sf.App - [onApplicationEvent,21] - App is started ok.
[] 09:00:55.790 [main] INFO  com.sf.App - [logStarted,61] - Started App in 3.203 seconds (JVM running for 4.131)
[] 09:05:14.851 [http-nio-8088-exec-1] INFO  o.a.c.c.C.[.[.[/] - [log,173] - Initializing Spring DispatcherServlet 'dispatcherServlet'
[] 09:05:15.134 [http-nio-8088-exec-1] INFO  c.a.d.p.DruidDataSource - [init,998] - {dataSource-1} inited
[] 09:05:15.543 [http-nio-8088-exec-1] INFO  c.s.c.UserController - [getUsers,38] - userList -> [{"createDate":1653529172000,"id":1,"name":"李宁","sex":"男"},{"createDate":1653529217000,"id":2,"name":"张三","sex":"男"},{"createDate":1653529224000,"id":3,"name":"李四","sex":"男"}]
[] 09:07:45.061 [SpringContextShutdownHook] INFO  c.a.d.p.DruidDataSource - [close,2071] - {dataSource-1} closing ...
[] 09:07:45.107 [SpringContextShutdownHook] INFO  c.a.d.p.DruidDataSource - [close,2144] - {dataSource-1} closed
[] 09:16:39.813 [restartedMain] INFO  com.sf.App - [logStarting,55] - Starting App on DESKTOP-8DJKDML with PID 17320 (D:\git\zero_test\target\classes started by FORMSSI in D:\git\zero_test)
[] 09:16:39.813 [restartedMain] INFO  com.sf.App - [logStartupProfileInfo,651] - No active profile set, falling back to default profiles: default
[] 09:16:41.851 [restartedMain] INFO  o.a.c.h.Http11NioProtocol - [log,173] - Initializing ProtocolHandler ["http-nio-8088"]
[] 09:16:41.851 [restartedMain] INFO  o.a.c.c.StandardService - [log,173] - Starting service [Tomcat]
[] 09:16:41.851 [restartedMain] INFO  o.a.c.c.StandardEngine - [log,173] - Starting Servlet engine: [Apache Tomcat/9.0.35]
[] 09:16:42.070 [restartedMain] INFO  o.a.c.c.C.[.[.[/] - [log,173] - Initializing Spring embedded WebApplicationContext
[] 09:16:44.299 [restartedMain] INFO  o.a.c.h.Http11NioProtocol - [log,173] - Starting ProtocolHandler ["http-nio-8088"]
[] 09:16:44.891 [restartedMain] INFO  com.sf.App - [onApplicationEvent,21] - App is started ok.
[] 09:16:44.891 [restartedMain] INFO  com.sf.App - [logStarted,61] - Started App in 5.703 seconds (JVM running for 7.311)
[] 09:16:51.447 [http-nio-8088-exec-1] INFO  o.a.c.c.C.[.[.[/] - [log,173] - Initializing Spring DispatcherServlet 'dispatcherServlet'
[] 09:16:51.854 [http-nio-8088-exec-1] INFO  c.a.d.p.DruidDataSource - [init,998] - {dataSource-1} inited
[] 09:16:52.229 [http-nio-8088-exec-1] INFO  c.s.c.UserController - [getUsers,38] - userList -> [{"createDate":1653529172000,"id":1,"name":"李宁","sex":"男"},{"createDate":1653529217000,"id":2,"name":"张三","sex":"男"},{"createDate":1653529224000,"id":3,"name":"李四","sex":"男"}]
[] 09:17:11.390 [http-nio-8088-exec-5] INFO  c.s.c.UserController - [getUsers,38] - userList -> [{"createDate":1653529172000,"id":1,"name":"李宁","sex":"男"},{"createDate":1653529217000,"id":2,"name":"张三","sex":"男"},{"createDate":1653529224000,"id":3,"name":"李四","sex":"男"}]
[] 09:17:15.530 [http-nio-8088-exec-9] INFO  c.s.c.UserController - [getUsers,38] - userList -> [{"createDate":1653529172000,"id":1,"name":"李宁","sex":"男"},{"createDate":1653529217000,"id":2,"name":"张三","sex":"男"},{"createDate":1653529224000,"id":3,"name":"李四","sex":"男"}]
[] 09:17:44.787 [http-nio-8088-exec-3] INFO  c.s.c.UserController - [getUsers,38] - userList -> [{"createDate":1653529172000,"id":1,"name":"李宁","sex":"男"},{"createDate":1653529217000,"id":2,"name":"张三","sex":"男"},{"createDate":1653529224000,"id":3,"name":"李四","sex":"男"}]
[] 09:17:49.207 [Thread-168] INFO  c.a.d.p.DruidDataSource - [close,2071] - {dataSource-1} closing ...
[] 09:17:49.232 [Thread-168] INFO  c.a.d.p.DruidDataSource - [close,2144] - {dataSource-1} closed
[] 09:17:49.372 [restartedMain] INFO  com.sf.App - [logStarting,55] - Starting App on DESKTOP-8DJKDML with PID 17320 (D:\git\zero_test\target\classes started by FORMSSI in D:\git\zero_test)
[] 09:17:49.373 [restartedMain] INFO  com.sf.App - [logStartupProfileInfo,651] - No active profile set, falling back to default profiles: default
[] 09:17:49.795 [restartedMain] INFO  o.a.c.h.Http11NioProtocol - [log,173] - Initializing ProtocolHandler ["http-nio-8088"]
[] 09:17:49.795 [restartedMain] INFO  o.a.c.c.StandardService - [log,173] - Starting service [Tomcat]
[] 09:17:49.795 [restartedMain] INFO  o.a.c.c.StandardEngine - [log,173] - Starting Servlet engine: [Apache Tomcat/9.0.35]
[] 09:17:49.891 [restartedMain] INFO  o.a.c.c.C.[.[.[/] - [log,173] - Initializing Spring embedded WebApplicationContext
[] 09:17:50.156 [restartedMain] INFO  o.a.c.h.Http11NioProtocol - [log,173] - Starting ProtocolHandler ["http-nio-8088"]
[] 09:17:50.164 [restartedMain] INFO  com.sf.App - [onApplicationEvent,21] - App is started ok.
[] 09:17:50.164 [restartedMain] INFO  com.sf.App - [logStarted,61] - Started App in 0.829 seconds (JVM running for 72.578)
[] 09:20:41.094 [http-nio-8088-exec-1] INFO  o.a.c.c.C.[.[.[/] - [log,173] - Initializing Spring DispatcherServlet 'dispatcherServlet'
[] 09:20:41.125 [http-nio-8088-exec-1] INFO  c.a.d.p.DruidDataSource - [init,998] - {dataSource-2} inited
[] 09:20:41.141 [http-nio-8088-exec-1] INFO  c.s.c.UserController - [getUsers,38] - userList -> [{"createDate":1653529172000,"id":1,"name":"李宁","sex":"男"},{"createDate":1653529217000,"id":2,"name":"张三","sex":"男"},{"createDate":1653529224000,"id":3,"name":"李四","sex":"男"}]
[] 09:20:47.740 [http-nio-8088-exec-2] INFO  c.s.c.UserController - [getUsers,38] - userList -> [{"createDate":1653529172000,"id":1,"name":"李宁","sex":"男"},{"createDate":1653529217000,"id":2,"name":"张三","sex":"男"},{"createDate":1653529224000,"id":3,"name":"李四","sex":"男"}]
[] 09:23:21.279 [http-nio-8088-exec-5] INFO  c.s.c.UserController - [getUsers,38] - userList -> [{"createDate":1653529172000,"id":1,"name":"李宁","sex":"男"},{"createDate":1653529217000,"id":2,"name":"张三","sex":"男"},{"createDate":1653529224000,"id":3,"name":"李四","sex":"男"}]
[] 09:27:39.292 [http-nio-8088-exec-4] INFO  c.s.c.UserController - [getUsers,38] - userList -> [{"createDate":1653529172000,"id":1,"name":"李宁","sex":"男"},{"createDate":1653529217000,"id":2,"name":"张三","sex":"男"},{"createDate":1653529224000,"id":3,"name":"李四","sex":"男"}]
[] 09:27:42.380 [http-nio-8088-exec-9] INFO  c.s.c.UserController - [getUsers,38] - userList -> [{"createDate":1653529172000,"id":1,"name":"李宁","sex":"男"},{"createDate":1653529217000,"id":2,"name":"张三","sex":"男"},{"createDate":1653529224000,"id":3,"name":"李四","sex":"男"}]
[] 09:27:51.396 [http-nio-8088-exec-10] INFO  c.s.c.UserController - [getUsers,38] - userList -> [{"createDate":1653529172000,"id":1,"name":"李宁","sex":"男"},{"createDate":1653529217000,"id":2,"name":"张三","sex":"男"},{"createDate":1653529224000,"id":3,"name":"李四","sex":"男"}]
[] 09:27:53.913 [Thread-171] INFO  c.a.d.p.DruidDataSource - [close,2071] - {dataSource-2} closing ...
[] 09:27:53.914 [Thread-171] INFO  c.a.d.p.DruidDataSource - [close,2144] - {dataSource-2} closed
[] 09:27:54.457 [restartedMain] INFO  com.sf.App - [logStarting,55] - Starting App on DESKTOP-8DJKDML with PID 17320 (D:\git\zero_test\target\classes started by FORMSSI in D:\git\zero_test)
[] 09:27:54.458 [restartedMain] INFO  com.sf.App - [logStartupProfileInfo,651] - No active profile set, falling back to default profiles: default
[] 09:27:54.923 [restartedMain] INFO  o.a.c.h.Http11NioProtocol - [log,173] - Initializing ProtocolHandler ["http-nio-8088"]
[] 09:27:54.924 [restartedMain] INFO  o.a.c.c.StandardService - [log,173] - Starting service [Tomcat]
[] 09:27:54.924 [restartedMain] INFO  o.a.c.c.StandardEngine - [log,173] - Starting Servlet engine: [Apache Tomcat/9.0.35]
[] 09:27:55.168 [restartedMain] INFO  o.a.c.c.C.[.[.[/] - [log,173] - Initializing Spring embedded WebApplicationContext
[] 09:27:55.419 [restartedMain] INFO  o.a.c.h.Http11NioProtocol - [log,173] - Starting ProtocolHandler ["http-nio-8088"]
[] 09:27:55.425 [restartedMain] INFO  com.sf.App - [onApplicationEvent,21] - App is started ok.
[] 09:27:55.426 [restartedMain] INFO  com.sf.App - [logStarted,61] - Started App in 1.054 seconds (JVM running for 677.839)
[] 09:27:55.589 [http-nio-8088-exec-1] INFO  o.a.c.c.C.[.[.[/] - [log,173] - Initializing Spring DispatcherServlet 'dispatcherServlet'
[] 09:27:59.393 [Thread-338] INFO  c.a.d.p.DruidDataSource - [close,2071] - {dataSource-0} closing ...
[] 09:27:59.611 [restartedMain] INFO  com.sf.App - [logStarting,55] - Starting App on DESKTOP-8DJKDML with PID 17320 (D:\git\zero_test\target\classes started by FORMSSI in D:\git\zero_test)
[] 09:27:59.611 [restartedMain] INFO  com.sf.App - [logStartupProfileInfo,651] - No active profile set, falling back to default profiles: default
[] 09:28:00.036 [restartedMain] INFO  o.a.c.h.Http11NioProtocol - [log,173] - Initializing ProtocolHandler ["http-nio-8088"]
[] 09:28:00.036 [restartedMain] INFO  o.a.c.c.StandardService - [log,173] - Starting service [Tomcat]
[] 09:28:00.036 [restartedMain] INFO  o.a.c.c.StandardEngine - [log,173] - Starting Servlet engine: [Apache Tomcat/9.0.35]
[] 09:28:00.083 [restartedMain] INFO  o.a.c.c.C.[.[.[/] - [log,173] - Initializing Spring embedded WebApplicationContext
[] 09:28:00.334 [restartedMain] INFO  o.a.c.h.Http11NioProtocol - [log,173] - Starting ProtocolHandler ["http-nio-8088"]
[] 09:28:00.350 [restartedMain] INFO  com.sf.App - [onApplicationEvent,21] - App is started ok.
[] 09:28:00.350 [restartedMain] INFO  com.sf.App - [logStarted,61] - Started App in 0.784 seconds (JVM running for 682.767)
[] 09:28:03.940 [Thread-505] INFO  c.a.d.p.DruidDataSource - [close,2071] - {dataSource-0} closing ...
[] 09:28:04.096 [restartedMain] INFO  com.sf.App - [logStarting,55] - Starting App on DESKTOP-8DJKDML with PID 17320 (D:\git\zero_test\target\classes started by FORMSSI in D:\git\zero_test)
[] 09:28:04.096 [restartedMain] INFO  com.sf.App - [logStartupProfileInfo,651] - No active profile set, falling back to default profiles: default
[] 09:28:04.459 [restartedMain] INFO  o.a.c.h.Http11NioProtocol - [log,173] - Initializing ProtocolHandler ["http-nio-8088"]
[] 09:28:04.459 [restartedMain] INFO  o.a.c.c.StandardService - [log,173] - Starting service [Tomcat]
[] 09:28:04.459 [restartedMain] INFO  o.a.c.c.StandardEngine - [log,173] - Starting Servlet engine: [Apache Tomcat/9.0.35]
[] 09:28:04.506 [restartedMain] INFO  o.a.c.c.C.[.[.[/] - [log,173] - Initializing Spring embedded WebApplicationContext
[] 09:28:04.770 [restartedMain] INFO  o.a.c.h.Http11NioProtocol - [log,173] - Starting ProtocolHandler ["http-nio-8088"]
[] 09:28:04.777 [restartedMain] INFO  com.sf.App - [onApplicationEvent,21] - App is started ok.
[] 09:28:04.778 [restartedMain] INFO  com.sf.App - [logStarted,61] - Started App in 0.713 seconds (JVM running for 687.191)
[] 09:28:06.837 [http-nio-8088-exec-1] INFO  o.a.c.c.C.[.[.[/] - [log,173] - Initializing Spring DispatcherServlet 'dispatcherServlet'
[] 09:28:46.117 [Thread-672] INFO  c.a.d.p.DruidDataSource - [close,2071] - {dataSource-0} closing ...
[] 09:28:46.303 [restartedMain] INFO  com.sf.App - [logStarting,55] - Starting App on DESKTOP-8DJKDML with PID 17320 (D:\git\zero_test\target\classes started by FORMSSI in D:\git\zero_test)
[] 09:28:46.304 [restartedMain] INFO  com.sf.App - [logStartupProfileInfo,651] - No active profile set, falling back to default profiles: default
[] 09:28:46.700 [restartedMain] INFO  o.a.c.h.Http11NioProtocol - [log,173] - Initializing ProtocolHandler ["http-nio-8088"]
[] 09:28:46.700 [restartedMain] INFO  o.a.c.c.StandardService - [log,173] - Starting service [Tomcat]
[] 09:28:46.700 [restartedMain] INFO  o.a.c.c.StandardEngine - [log,173] - Starting Servlet engine: [Apache Tomcat/9.0.35]
[] 09:28:46.746 [restartedMain] INFO  o.a.c.c.C.[.[.[/] - [log,173] - Initializing Spring embedded WebApplicationContext
[] 09:28:46.951 [restartedMain] INFO  o.a.c.h.Http11NioProtocol - [log,173] - Starting ProtocolHandler ["http-nio-8088"]
[] 09:28:46.951 [restartedMain] INFO  com.sf.App - [onApplicationEvent,21] - App is started ok.
[] 09:28:46.951 [restartedMain] INFO  com.sf.App - [logStarted,61] - Started App in 0.695 seconds (JVM running for 729.372)
[] 09:28:52.892 [http-nio-8088-exec-3] INFO  o.a.c.c.C.[.[.[/] - [log,173] - Initializing Spring DispatcherServlet 'dispatcherServlet'
[] 09:29:26.261 [Thread-839] INFO  c.a.d.p.DruidDataSource - [close,2071] - {dataSource-0} closing ...
[] 09:29:26.448 [restartedMain] INFO  com.sf.App - [logStarting,55] - Starting App on DESKTOP-8DJKDML with PID 17320 (D:\git\zero_test\target\classes started by FORMSSI in D:\git\zero_test)
[] 09:29:26.448 [restartedMain] INFO  com.sf.App - [logStartupProfileInfo,651] - No active profile set, falling back to default profiles: default
[] 09:29:26.779 [restartedMain] INFO  o.a.c.h.Http11NioProtocol - [log,173] - Initializing ProtocolHandler ["http-nio-8088"]
[] 09:29:26.779 [restartedMain] INFO  o.a.c.c.StandardService - [log,173] - Starting service [Tomcat]
[] 09:29:26.779 [restartedMain] INFO  o.a.c.c.StandardEngine - [log,173] - Starting Servlet engine: [Apache Tomcat/9.0.35]
[] 09:29:26.826 [restartedMain] INFO  o.a.c.c.C.[.[.[/] - [log,173] - Initializing Spring embedded WebApplicationContext
[] 09:29:26.998 [restartedMain] INFO  o.a.c.h.Http11NioProtocol - [log,173] - Starting ProtocolHandler ["http-nio-8088"]
[] 09:29:27.013 [restartedMain] INFO  com.sf.App - [onApplicationEvent,21] - App is started ok.
[] 09:29:27.013 [restartedMain] INFO  com.sf.App - [logStarted,61] - Started App in 0.598 seconds (JVM running for 769.43)
[] 09:29:27.357 [http-nio-8088-exec-1] INFO  o.a.c.c.C.[.[.[/] - [log,173] - Initializing Spring DispatcherServlet 'dispatcherServlet'
[] 09:29:31.576 [Thread-1006] INFO  c.a.d.p.DruidDataSource - [close,2071] - {dataSource-0} closing ...
[] 09:29:31.764 [restartedMain] INFO  com.sf.App - [logStarting,55] - Starting App on DESKTOP-8DJKDML with PID 17320 (D:\git\zero_test\target\classes started by FORMSSI in D:\git\zero_test)
[] 09:29:31.764 [restartedMain] INFO  com.sf.App - [logStartupProfileInfo,651] - No active profile set, falling back to default profiles: default
[] 09:29:32.172 [restartedMain] INFO  o.a.c.h.Http11NioProtocol - [log,173] - Initializing ProtocolHandler ["http-nio-8088"]
[] 09:29:32.172 [restartedMain] INFO  o.a.c.c.StandardService - [log,173] - Starting service [Tomcat]
[] 09:29:32.172 [restartedMain] INFO  o.a.c.c.StandardEngine - [log,173] - Starting Servlet engine: [Apache Tomcat/9.0.35]
[] 09:29:32.235 [restartedMain] INFO  o.a.c.c.C.[.[.[/] - [log,173] - Initializing Spring embedded WebApplicationContext
[] 09:29:32.502 [restartedMain] INFO  o.a.c.h.Http11NioProtocol - [log,173] - Starting ProtocolHandler ["http-nio-8088"]
[] 09:29:32.502 [restartedMain] INFO  com.sf.App - [onApplicationEvent,21] - App is started ok.
[] 09:29:32.502 [restartedMain] INFO  com.sf.App - [logStarted,61] - Started App in 0.788 seconds (JVM running for 774.926)
[] 09:29:33.992 [Thread-1173] INFO  c.a.d.p.DruidDataSource - [close,2071] - {dataSource-0} closing ...
[] 09:29:34.147 [restartedMain] INFO  com.sf.App - [logStarting,55] - Starting App on DESKTOP-8DJKDML with PID 17320 (D:\git\zero_test\target\classes started by FORMSSI in D:\git\zero_test)
[] 09:29:34.147 [restartedMain] INFO  com.sf.App - [logStartupProfileInfo,651] - No active profile set, falling back to default profiles: default
[] 09:29:34.475 [restartedMain] INFO  o.a.c.h.Http11NioProtocol - [log,173] - Initializing ProtocolHandler ["http-nio-8088"]
[] 09:29:34.475 [restartedMain] INFO  o.a.c.c.StandardService - [log,173] - Starting service [Tomcat]
[] 09:29:34.475 [restartedMain] INFO  o.a.c.c.StandardEngine - [log,173] - Starting Servlet engine: [Apache Tomcat/9.0.35]
[] 09:29:34.506 [restartedMain] INFO  o.a.c.c.C.[.[.[/] - [log,173] - Initializing Spring embedded WebApplicationContext
[] 09:29:34.728 [restartedMain] INFO  o.a.c.h.Http11NioProtocol - [log,173] - Starting ProtocolHandler ["http-nio-8088"]
[] 09:29:34.728 [restartedMain] INFO  com.sf.App - [onApplicationEvent,21] - App is started ok.
[] 09:29:34.728 [restartedMain] INFO  com.sf.App - [logStarted,61] - Started App in 0.61 seconds (JVM running for 777.151)
[] 09:29:35.104 [http-nio-8088-exec-1] INFO  o.a.c.c.C.[.[.[/] - [log,173] - Initializing Spring DispatcherServlet 'dispatcherServlet'
[] 09:29:35.151 [http-nio-8088-exec-1] INFO  c.a.d.p.DruidDataSource - [init,998] - {dataSource-3} inited
[] 09:29:35.167 [http-nio-8088-exec-1] INFO  c.s.c.UserController - [getUsers,38] - userList -> [{"createDate":1653529172000,"id":1,"name":"李宁","sex":"男"},{"createDate":1653529217000,"id":2,"name":"张三","sex":"男"},{"createDate":1653529224000,"id":3,"name":"李四","sex":"男"}]
[] 09:30:01.880 [Thread-1340] INFO  c.a.d.p.DruidDataSource - [close,2071] - {dataSource-3} closing ...
[] 09:30:01.882 [Thread-1340] INFO  c.a.d.p.DruidDataSource - [close,2144] - {dataSource-3} closed
[] 09:30:02.035 [restartedMain] INFO  com.sf.App - [logStarting,55] - Starting App on DESKTOP-8DJKDML with PID 17320 (D:\git\zero_test\target\classes started by FORMSSI in D:\git\zero_test)
[] 09:30:02.035 [restartedMain] INFO  com.sf.App - [logStartupProfileInfo,651] - No active profile set, falling back to default profiles: default
[] 09:30:02.359 [restartedMain] INFO  o.a.c.h.Http11NioProtocol - [log,173] - Initializing ProtocolHandler ["http-nio-8088"]
[] 09:30:02.359 [restartedMain] INFO  o.a.c.c.StandardService - [log,173] - Starting service [Tomcat]
[] 09:30:02.360 [restartedMain] INFO  o.a.c.c.StandardEngine - [log,173] - Starting Servlet engine: [Apache Tomcat/9.0.35]
[] 09:30:02.403 [restartedMain] INFO  o.a.c.c.C.[.[.[/] - [log,173] - Initializing Spring embedded WebApplicationContext
[] 09:30:02.609 [restartedMain] INFO  o.a.c.h.Http11NioProtocol - [log,173] - Starting ProtocolHandler ["http-nio-8088"]
[] 09:30:02.618 [restartedMain] INFO  com.sf.App - [onApplicationEvent,21] - App is started ok.
[] 09:30:02.619 [restartedMain] INFO  com.sf.App - [logStarted,61] - Started App in 0.62 seconds (JVM running for 805.032)
[] 09:30:06.125 [Thread-1507] INFO  c.a.d.p.DruidDataSource - [close,2071] - {dataSource-0} closing ...
[] 09:30:06.250 [restartedMain] INFO  com.sf.App - [logStarting,55] - Starting App on DESKTOP-8DJKDML with PID 17320 (D:\git\zero_test\target\classes started by FORMSSI in D:\git\zero_test)
[] 09:30:06.250 [restartedMain] INFO  com.sf.App - [logStartupProfileInfo,651] - No active profile set, falling back to default profiles: default
[] 09:30:06.510 [restartedMain] INFO  o.a.c.h.Http11NioProtocol - [log,173] - Initializing ProtocolHandler ["http-nio-8088"]
[] 09:30:06.510 [restartedMain] INFO  o.a.c.c.StandardService - [log,173] - Starting service [Tomcat]
[] 09:30:06.510 [restartedMain] INFO  o.a.c.c.StandardEngine - [log,173] - Starting Servlet engine: [Apache Tomcat/9.0.35]
[] 09:30:06.557 [restartedMain] INFO  o.a.c.c.C.[.[.[/] - [log,173] - Initializing Spring embedded WebApplicationContext
[] 09:30:06.714 [restartedMain] INFO  o.a.c.h.Http11NioProtocol - [log,173] - Starting ProtocolHandler ["http-nio-8088"]
[] 09:30:06.720 [restartedMain] INFO  com.sf.App - [onApplicationEvent,21] - App is started ok.
[] 09:30:06.721 [restartedMain] INFO  com.sf.App - [logStarted,61] - Started App in 0.491 seconds (JVM running for 809.134)
[] 09:30:29.470 [http-nio-8088-exec-1] INFO  o.a.c.c.C.[.[.[/] - [log,173] - Initializing Spring DispatcherServlet 'dispatcherServlet'
[] 09:30:29.490 [http-nio-8088-exec-1] INFO  c.a.d.p.DruidDataSource - [init,998] - {dataSource-4} inited
[] 09:30:29.885 [http-nio-8088-exec-1] INFO  c.s.c.UserController - [getUsers,38] - userList -> [{"createDate":1653529172000,"id":1,"name":"李宁","sex":"男"},{"createDate":1653529217000,"id":2,"name":"张三","sex":"男"},{"createDate":1653529224000,"id":3,"name":"李四","sex":"男"},{"createDate":1653529229000,"id":4,"name":"王五","sex":"男"}]
[] 09:30:37.460 [http-nio-8088-exec-2] INFO  c.s.c.UserController - [getUsers,38] - userList -> [{"createDate":1653529172000,"id":1,"name":"李宁","sex":"男"},{"createDate":1653529217000,"id":2,"name":"张三","sex":"男"},{"createDate":1653529224000,"id":3,"name":"李四","sex":"男"},{"createDate":1653529229000,"id":4,"name":"王五","sex":"男"}]
[] 09:30:37.948 [http-nio-8088-exec-5] INFO  c.s.c.UserController - [getUsers,38] - userList -> [{"createDate":1653529172000,"id":1,"name":"李宁","sex":"男"},{"createDate":1653529217000,"id":2,"name":"张三","sex":"男"},{"createDate":1653529224000,"id":3,"name":"李四","sex":"男"},{"createDate":1653529229000,"id":4,"name":"王五","sex":"男"}]
[] 09:30:55.399 [Thread-1674] INFO  c.a.d.p.DruidDataSource - [close,2071] - {dataSource-4} closing ...
[] 09:30:55.399 [Thread-1674] INFO  c.a.d.p.DruidDataSource - [close,2144] - {dataSource-4} closed
[] 09:30:55.587 [restartedMain] INFO  com.sf.App - [logStarting,55] - Starting App on DESKTOP-8DJKDML with PID 17320 (D:\git\zero_test\target\classes started by FORMSSI in D:\git\zero_test)
[] 09:30:55.587 [restartedMain] INFO  com.sf.App - [logStartupProfileInfo,651] - No active profile set, falling back to default profiles: default
[] 09:30:55.933 [restartedMain] INFO  o.a.c.h.Http11NioProtocol - [log,173] - Initializing ProtocolHandler ["http-nio-8088"]
[] 09:30:55.933 [restartedMain] INFO  o.a.c.c.StandardService - [log,173] - Starting service [Tomcat]
[] 09:30:55.933 [restartedMain] INFO  o.a.c.c.StandardEngine - [log,173] - Starting Servlet engine: [Apache Tomcat/9.0.35]
[] 09:30:55.980 [restartedMain] INFO  o.a.c.c.C.[.[.[/] - [log,173] - Initializing Spring embedded WebApplicationContext
[] 09:30:56.185 [restartedMain] INFO  o.a.c.h.Http11NioProtocol - [log,173] - Starting ProtocolHandler ["http-nio-8088"]
[] 09:30:56.185 [restartedMain] INFO  com.sf.App - [onApplicationEvent,21] - App is started ok.
[] 09:30:56.185 [restartedMain] INFO  com.sf.App - [logStarted,61] - Started App in 0.647 seconds (JVM running for 858.613)
[] 09:30:58.412 [http-nio-8088-exec-1] INFO  o.a.c.c.C.[.[.[/] - [log,173] - Initializing Spring DispatcherServlet 'dispatcherServlet'
[] 09:30:58.443 [http-nio-8088-exec-1] INFO  c.a.d.p.DruidDataSource - [init,998] - {dataSource-5} inited
[] 09:30:58.474 [http-nio-8088-exec-1] INFO  c.s.c.UserController - [getUsers,38] - userList -> [{"createDate":1653529172000,"id":1,"name":"李宁","sex":"男"},{"createDate":1653529217000,"id":2,"name":"张三","sex":"男"},{"createDate":1653529224000,"id":3,"name":"李四","sex":"男"},{"createDate":1653529229000,"id":4,"name":"王五","sex":"男"}]
[] 09:30:59.705 [Thread-1841] INFO  c.a.d.p.DruidDataSource - [close,2071] - {dataSource-5} closing ...
[] 09:30:59.705 [Thread-1841] INFO  c.a.d.p.DruidDataSource - [close,2144] - {dataSource-5} closed
[] 09:30:59.850 [restartedMain] INFO  com.sf.App - [logStarting,55] - Starting App on DESKTOP-8DJKDML with PID 17320 (D:\git\zero_test\target\classes started by FORMSSI in D:\git\zero_test)
[] 09:30:59.850 [restartedMain] INFO  com.sf.App - [logStartupProfileInfo,651] - No active profile set, falling back to default profiles: default
[] 09:31:00.135 [restartedMain] INFO  o.a.c.h.Http11NioProtocol - [log,173] - Initializing ProtocolHandler ["http-nio-8088"]
[] 09:31:00.135 [restartedMain] INFO  o.a.c.c.StandardService - [log,173] - Starting service [Tomcat]
[] 09:31:00.135 [restartedMain] INFO  o.a.c.c.StandardEngine - [log,173] - Starting Servlet engine: [Apache Tomcat/9.0.35]
[] 09:31:00.182 [restartedMain] INFO  o.a.c.c.C.[.[.[/] - [log,173] - Initializing Spring embedded WebApplicationContext
[] 09:31:00.408 [restartedMain] INFO  o.a.c.h.Http11NioProtocol - [log,173] - Starting ProtocolHandler ["http-nio-8088"]
[] 09:31:00.416 [restartedMain] INFO  com.sf.App - [onApplicationEvent,21] - App is started ok.
[] 09:31:00.417 [restartedMain] INFO  com.sf.App - [logStarted,61] - Started App in 0.596 seconds (JVM running for 862.83)
[] 09:31:03.380 [http-nio-8088-exec-1] INFO  o.a.c.c.C.[.[.[/] - [log,173] - Initializing Spring DispatcherServlet 'dispatcherServlet'
[] 09:31:03.396 [http-nio-8088-exec-1] INFO  c.a.d.p.DruidDataSource - [init,998] - {dataSource-6} inited
[] 09:31:03.427 [http-nio-8088-exec-1] INFO  c.s.c.UserController - [getUsers,38] - userList -> [{"createDate":1653529172000,"id":1,"name":"李宁","sex":"男"},{"createDate":1653529217000,"id":2,"name":"张三","sex":"男"},{"createDate":1653529224000,"id":3,"name":"李四","sex":"男"}]
[] 09:41:12.042 [Thread-2008] INFO  c.a.d.p.DruidDataSource - [close,2071] - {dataSource-6} closing ...
[] 09:41:12.043 [Thread-2008] INFO  c.a.d.p.DruidDataSource - [close,2144] - {dataSource-6} closed
[] 09:41:12.222 [restartedMain] INFO  com.sf.App - [logStarting,55] - Starting App on DESKTOP-8DJKDML with PID 17320 (D:\git\zero_test\target\classes started by FORMSSI in D:\git\zero_test)
[] 09:41:12.223 [restartedMain] INFO  com.sf.App - [logStartupProfileInfo,651] - No active profile set, falling back to default profiles: default
[] 09:41:12.502 [restartedMain] INFO  o.a.c.h.Http11NioProtocol - [log,173] - Initializing ProtocolHandler ["http-nio-8088"]
[] 09:41:12.503 [restartedMain] INFO  o.a.c.c.StandardService - [log,173] - Starting service [Tomcat]
[] 09:41:12.503 [restartedMain] INFO  o.a.c.c.StandardEngine - [log,173] - Starting Servlet engine: [Apache Tomcat/9.0.35]
[] 09:41:12.573 [restartedMain] INFO  o.a.c.c.C.[.[.[/] - [log,173] - Initializing Spring embedded WebApplicationContext
[] 09:41:12.784 [restartedMain] INFO  o.a.c.h.Http11NioProtocol - [log,173] - Starting ProtocolHandler ["http-nio-8088"]
[] 09:41:12.792 [restartedMain] INFO  com.sf.App - [onApplicationEvent,21] - App is started ok.
[] 09:41:12.793 [restartedMain] INFO  com.sf.App - [logStarted,61] - Started App in 0.613 seconds (JVM running for 1475.206)
[] 09:41:15.331 [Thread-2175] INFO  c.a.d.p.DruidDataSource - [close,2071] - {dataSource-0} closing ...
[] 09:41:15.476 [restartedMain] INFO  com.sf.App - [logStarting,55] - Starting App on DESKTOP-8DJKDML with PID 17320 (D:\git\zero_test\target\classes started by FORMSSI in D:\git\zero_test)
[] 09:41:15.476 [restartedMain] INFO  com.sf.App - [logStartupProfileInfo,651] - No active profile set, falling back to default profiles: default
[] 09:41:16.311 [restartedMain] INFO  o.a.c.h.Http11NioProtocol - [log,173] - Initializing ProtocolHandler ["http-nio-8088"]
[] 09:41:16.311 [restartedMain] INFO  o.a.c.c.StandardService - [log,173] - Starting service [Tomcat]
[] 09:41:16.311 [restartedMain] INFO  o.a.c.c.StandardEngine - [log,173] - Starting Servlet engine: [Apache Tomcat/9.0.35]
[] 09:41:16.399 [restartedMain] INFO  o.a.c.c.C.[.[.[/] - [log,173] - Initializing Spring embedded WebApplicationContext
[] 09:41:16.422 [restartedMain] INFO  o.a.c.c.StandardService - [log,173] - Stopping service [Tomcat]
[] 09:41:18.011 [restartedMain] INFO  com.sf.App - [logStarting,55] - Starting App on DESKTOP-8DJKDML with PID 17320 (D:\git\zero_test\target\classes started by FORMSSI in D:\git\zero_test)
[] 09:41:18.011 [restartedMain] INFO  com.sf.App - [logStartupProfileInfo,651] - No active profile set, falling back to default profiles: default
[] 09:41:18.296 [restartedMain] INFO  o.a.c.h.Http11NioProtocol - [log,173] - Initializing ProtocolHandler ["http-nio-8088"]
[] 09:41:18.296 [restartedMain] INFO  o.a.c.c.StandardService - [log,173] - Starting service [Tomcat]
[] 09:41:18.296 [restartedMain] INFO  o.a.c.c.StandardEngine - [log,173] - Starting Servlet engine: [Apache Tomcat/9.0.35]
[] 09:41:18.496 [restartedMain] INFO  o.a.c.c.C.[.[.[/] - [log,173] - Initializing Spring embedded WebApplicationContext
[] 09:41:18.784 [restartedMain] INFO  o.a.c.h.Http11NioProtocol - [log,173] - Starting ProtocolHandler ["http-nio-8088"]
[] 09:41:18.810 [restartedMain] INFO  com.sf.App - [onApplicationEvent,21] - App is started ok.
[] 09:41:18.811 [restartedMain] INFO  com.sf.App - [logStarted,61] - Started App in 0.848 seconds (JVM running for 1481.224)
[] 09:44:46.469 [http-nio-8088-exec-1] INFO  o.a.c.c.C.[.[.[/] - [log,173] - Initializing Spring DispatcherServlet 'dispatcherServlet'
[] 09:44:46.493 [http-nio-8088-exec-1] INFO  c.a.d.p.DruidDataSource - [init,998] - {dataSource-7} inited
[] 09:44:46.514 [http-nio-8088-exec-1] INFO  c.s.c.UserController - [getUsers,38] - userList -> [{"createDate":1653529172000,"id":1,"name":"李宁","sex":"男"},{"createDate":1653529217000,"id":2,"name":"张三","sex":"男"},{"createDate":1653529224000,"id":3,"name":"李四","sex":"男"}]
[] 10:10:30.935 [SpringContextShutdownHook] INFO  c.a.d.p.DruidDataSource - [close,2071] - {dataSource-7} closing ...
[] 10:10:30.935 [SpringContextShutdownHook] INFO  c.a.d.p.DruidDataSource - [close,2144] - {dataSource-7} closed
